{
    "results": {
        "tool": {
            "name": "pytest",
            "version": "8.4.1"
        },
        "summary": {
            "tests": 4,
            "passed": 0,
            "failed": 4,
            "skipped": 0,
            "pending": 0,
            "other": 0,
            "start": 1764312834.864557,
            "stop": 1764312835.0734658
        },
        "tests": [
            {
                "name": "test_state.py::test_evaluation_file_exists",
                "status": "failed",
                "raw_status": "call_failed",
                "duration": 0.001422086003003642,
                "start": 1764312834.9128256,
                "stop": 1764312834.933863,
                "retries": 0,
                "file_path": "test_state.py",
                "trace": "def test_evaluation_file_exists():\n        eval_path = Path(\"/workspace/evaluation.txt\")\n>       assert eval_path.exists(), f\"File {eval_path} does not exist\"\nE       AssertionError: File /workspace/evaluation.txt does not exist\nE       assert False\nE        +  where False = exists()\nE        +    where exists = PosixPath('/workspace/evaluation.txt').exists\n\n/tests/test_state.py:10: AssertionError",
                "message": "The test failed in the call phase due to an assertion error"
            },
            {
                "name": "test_state.py::test_evaluation_has_scores",
                "status": "failed",
                "raw_status": "call_failed",
                "duration": 0.0012434719974407926,
                "start": 1764312834.9344413,
                "stop": 1764312834.9860418,
                "retries": 0,
                "file_path": "test_state.py",
                "trace": "def test_evaluation_has_scores():\n        eval_path = Path(\"/workspace/evaluation.txt\")\n>       content = eval_path.read_text()\n                  ^^^^^^^^^^^^^^^^^^^^^\n\n/tests/test_state.py:16: \n_ _ _ _ _ _ _ _ _ _ _ _ _ _ _ _ _ _ _ _ _ _ _ _ _ _ _ _ _ _ _ _ _ _ _ _ _ _ _ _ \n/root/.local/share/uv/python/cpython-3.13.9-linux-x86_64-gnu/lib/python3.13/pathlib/_local.py:546: in read_text\n    return PathBase.read_text(self, encoding, errors, newline)\n           ^^^^^^^^^^^^^^^^^^^^^^^^^^^^^^^^^^^^^^^^^^^^^^^^^^^\n/root/.local/share/uv/python/cpython-3.13.9-linux-x86_64-gnu/lib/python3.13/pathlib/_abc.py:632: in read_text\n    with self.open(mode='r', encoding=encoding, errors=errors, newline=newline) as f:\n         ^^^^^^^^^^^^^^^^^^^^^^^^^^^^^^^^^^^^^^^^^^^^^^^^^^^^^^^^^^^^^^^^^^^^^^\n_ _ _ _ _ _ _ _ _ _ _ _ _ _ _ _ _ _ _ _ _ _ _ _ _ _ _ _ _ _ _ _ _ _ _ _ _ _ _ _ \n\nself = PosixPath('/workspace/evaluation.txt'), mode = 'r', buffering = -1\nencoding = 'locale', errors = None, newline = None\n\n    def open(self, mode='r', buffering=-1, encoding=None,\n             errors=None, newline=None):\n        \"\"\"\n        Open the file pointed to by this path and return a file object, as\n        the built-in open() function does.\n        \"\"\"\n        if \"b\" not in mode:\n            encoding = io.text_encoding(encoding)\n>       return io.open(self, mode, buffering, encoding, errors, newline)\n               ^^^^^^^^^^^^^^^^^^^^^^^^^^^^^^^^^^^^^^^^^^^^^^^^^^^^^^^^^\nE       FileNotFoundError: [Errno 2] No such file or directory: '/workspace/evaluation.txt'\n\n/root/.local/share/uv/python/cpython-3.13.9-linux-x86_64-gnu/lib/python3.13/pathlib/_local.py:537: FileNotFoundError",
                "message": "The test failed in the call phase"
            },
            {
                "name": "test_state.py::test_evaluation_has_reasoning",
                "status": "failed",
                "raw_status": "call_failed",
                "duration": 0.000983100981102325,
                "start": 1764312834.9866195,
                "stop": 1764312835.0303984,
                "retries": 0,
                "file_path": "test_state.py",
                "trace": "def test_evaluation_has_reasoning():\n        eval_path = Path(\"/workspace/evaluation.txt\")\n>       content = eval_path.read_text()\n                  ^^^^^^^^^^^^^^^^^^^^^\n\n/tests/test_state.py:33: \n_ _ _ _ _ _ _ _ _ _ _ _ _ _ _ _ _ _ _ _ _ _ _ _ _ _ _ _ _ _ _ _ _ _ _ _ _ _ _ _ \n/root/.local/share/uv/python/cpython-3.13.9-linux-x86_64-gnu/lib/python3.13/pathlib/_local.py:546: in read_text\n    return PathBase.read_text(self, encoding, errors, newline)\n           ^^^^^^^^^^^^^^^^^^^^^^^^^^^^^^^^^^^^^^^^^^^^^^^^^^^\n/root/.local/share/uv/python/cpython-3.13.9-linux-x86_64-gnu/lib/python3.13/pathlib/_abc.py:632: in read_text\n    with self.open(mode='r', encoding=encoding, errors=errors, newline=newline) as f:\n         ^^^^^^^^^^^^^^^^^^^^^^^^^^^^^^^^^^^^^^^^^^^^^^^^^^^^^^^^^^^^^^^^^^^^^^\n_ _ _ _ _ _ _ _ _ _ _ _ _ _ _ _ _ _ _ _ _ _ _ _ _ _ _ _ _ _ _ _ _ _ _ _ _ _ _ _ \n\nself = PosixPath('/workspace/evaluation.txt'), mode = 'r', buffering = -1\nencoding = 'locale', errors = None, newline = None\n\n    def open(self, mode='r', buffering=-1, encoding=None,\n             errors=None, newline=None):\n        \"\"\"\n        Open the file pointed to by this path and return a file object, as\n        the built-in open() function does.\n        \"\"\"\n        if \"b\" not in mode:\n            encoding = io.text_encoding(encoding)\n>       return io.open(self, mode, buffering, encoding, errors, newline)\n               ^^^^^^^^^^^^^^^^^^^^^^^^^^^^^^^^^^^^^^^^^^^^^^^^^^^^^^^^^\nE       FileNotFoundError: [Errno 2] No such file or directory: '/workspace/evaluation.txt'\n\n/root/.local/share/uv/python/cpython-3.13.9-linux-x86_64-gnu/lib/python3.13/pathlib/_local.py:537: FileNotFoundError",
                "message": "The test failed in the call phase"
            },
            {
                "name": "test_state.py::test_evaluation_format",
                "status": "failed",
                "raw_status": "call_failed",
                "duration": 0.0014026159915374592,
                "start": 1764312835.03107,
                "stop": 1764312835.0728579,
                "retries": 0,
                "file_path": "test_state.py",
                "trace": "def test_evaluation_format():\n        eval_path = Path(\"/workspace/evaluation.txt\")\n>       content = eval_path.read_text()\n                  ^^^^^^^^^^^^^^^^^^^^^\n\n/tests/test_state.py:48: \n_ _ _ _ _ _ _ _ _ _ _ _ _ _ _ _ _ _ _ _ _ _ _ _ _ _ _ _ _ _ _ _ _ _ _ _ _ _ _ _ \n/root/.local/share/uv/python/cpython-3.13.9-linux-x86_64-gnu/lib/python3.13/pathlib/_local.py:546: in read_text\n    return PathBase.read_text(self, encoding, errors, newline)\n           ^^^^^^^^^^^^^^^^^^^^^^^^^^^^^^^^^^^^^^^^^^^^^^^^^^^\n/root/.local/share/uv/python/cpython-3.13.9-linux-x86_64-gnu/lib/python3.13/pathlib/_abc.py:632: in read_text\n    with self.open(mode='r', encoding=encoding, errors=errors, newline=newline) as f:\n         ^^^^^^^^^^^^^^^^^^^^^^^^^^^^^^^^^^^^^^^^^^^^^^^^^^^^^^^^^^^^^^^^^^^^^^\n_ _ _ _ _ _ _ _ _ _ _ _ _ _ _ _ _ _ _ _ _ _ _ _ _ _ _ _ _ _ _ _ _ _ _ _ _ _ _ _ \n\nself = PosixPath('/workspace/evaluation.txt'), mode = 'r', buffering = -1\nencoding = 'locale', errors = None, newline = None\n\n    def open(self, mode='r', buffering=-1, encoding=None,\n             errors=None, newline=None):\n        \"\"\"\n        Open the file pointed to by this path and return a file object, as\n        the built-in open() function does.\n        \"\"\"\n        if \"b\" not in mode:\n            encoding = io.text_encoding(encoding)\n>       return io.open(self, mode, buffering, encoding, errors, newline)\n               ^^^^^^^^^^^^^^^^^^^^^^^^^^^^^^^^^^^^^^^^^^^^^^^^^^^^^^^^^\nE       FileNotFoundError: [Errno 2] No such file or directory: '/workspace/evaluation.txt'\n\n/root/.local/share/uv/python/cpython-3.13.9-linux-x86_64-gnu/lib/python3.13/pathlib/_local.py:537: FileNotFoundError",
                "message": "The test failed in the call phase"
            }
        ]
    }
}